<?xml version="1.0" encoding="UTF-8"?>
<testng-results ignored="0" total="1" passed="1" failed="0" skipped="0">
  <reporter-output>
  </reporter-output>
  <suite started-at="2024-06-20T23:25:16 IST" name="Default suite" finished-at="2024-06-20T23:25:16 IST" duration-ms="98">
    <groups>
    </groups>
    <test started-at="2024-06-20T23:25:16 IST" name="Default test" finished-at="2024-06-20T23:25:16 IST" duration-ms="98">
      <class name="unitestcasespack.TestNGT">
        <test-method signature="print()[pri:0, instance:unitestcasespack.TestNGT@7133da86]" started-at="2024-06-20T23:25:16 IST" name="print" finished-at="2024-06-20T23:25:16 IST" duration-ms="22" status="PASS">
          <reporter-output>
          </reporter-output>
        </test-method> <!-- print -->
      </class> <!-- unitestcasespack.TestNGT -->
    </test> <!-- Default test -->
  </suite> <!-- Default suite -->
</testng-results>
